{"numFailedTestSuites":0,"numFailedTests":0,"numPassedTestSuites":1,"numPassedTests":4,"numPendingTestSuites":0,"numPendingTests":0,"numRuntimeErrorTestSuites":0,"numTodoTests":0,"numTotalTestSuites":1,"numTotalTests":4,"openHandles":[],"snapshot":{"added":0,"didUpdate":false,"failure":false,"filesAdded":0,"filesRemoved":0,"filesRemovedList":[],"filesUnmatched":0,"filesUpdated":0,"matched":0,"total":0,"unchecked":0,"uncheckedKeysByFile":[],"unmatched":0,"updated":0},"startTime":1773236195797,"success":true,"testResults":[{"assertionResults":[{"ancestorTitles":["Menu Controlador (Dashboard)","mostrarMenu"],"duration":29,"failing":false,"failureDetails":[],"failureMessages":[],"fullName":"Menu Controlador (Dashboard) mostrarMenu debe renderizar el menú principal con las estadísticas por defecto","invocations":1,"location":null,"numPassingAsserts":1,"retryReasons":[],"startAt":1773236196155,"status":"passed","title":"debe renderizar el menú principal con las estadísticas por defecto"},{"ancestorTitles":["Menu Controlador (Dashboard)","mostrarMenu"],"duration":2,"failing":false,"failureDetails":[],"failureMessages":[],"fullName":"Menu Controlador (Dashboard) mostrarMenu debe manejar los datos estadísticos correctamente","invocations":1,"location":null,"numPassingAsserts":4,"retryReasons":[],"startAt":1773236196185,"status":"passed","title":"debe manejar los datos estadísticos correctamente"},{"ancestorTitles":["Menu Controlador (Dashboard)","mostrarMenu"],"duration":16,"failing":false,"failureDetails":[],"failureMessages":[],"fullName":"Menu Controlador (Dashboard) mostrarMenu debe procesar correctamente los filtros por periodo","invocations":1,"location":null,"numPassingAsserts":2,"retryReasons":[],"startAt":1773236196187,"status":"passed","title":"debe procesar correctamente los filtros por periodo"},{"ancestorTitles":["Menu Controlador (Dashboard)","mostrarMenu"],"duration":5,"failing":false,"failureDetails":[],"failureMessages":[],"fullName":"Menu Controlador (Dashboard) mostrarMenu debe manejar el bloque de catch global generalizando una respuesta vacía","invocations":1,"location":null,"numPassingAsserts":1,"retryReasons":[],"startAt":1773236196203,"status":"passed","title":"debe manejar el bloque de catch global generalizando una respuesta vacía"}],"endTime":1773236196209,"message":"","name":"E:\\6 CICLO\\CURSO JUEVES\\PROYECTO-TESIS-NUEVO\\PROYECTO-TESIS\\tests\\controladores\\menuControlador.test.js","startTime":1773236195845,"status":"passed","summary":""}],"wasInterrupted":false}
